#
# There is insufficient memory for the Java Runtime Environment to continue.
# Native memory allocation (mmap) failed to map 134217728 bytes for Failed to commit area from 0x0000000081400000 to 0x0000000089400000 of length 134217728.
# Possible reasons:
#   The system is out of physical RAM or swap space
#   The process is running with CompressedOops enabled, and the Java Heap may be blocking the growth of the native heap
# Possible solutions:
#   Reduce memory load on the system
#   Increase physical memory or swap space
#   Check if swap backing store is full
#   Decrease Java heap size (-Xmx/-Xms)
#   Decrease number of Java threads
#   Decrease Java thread stack sizes (-Xss)
#   Set larger code cache with -XX:ReservedCodeCacheSize=
# This output file may be truncated or incomplete.
#
#  Out of Memory Error (./src/hotspot/os/windows/os_windows.cpp:3521), pid=8540, tid=10620
#
# JRE version:  (11.0.12+7) (build )
# Java VM: OpenJDK 64-Bit Server VM (11.0.12+7-b1504.28-7817840, mixed mode, sharing, tiered, compressed oops, g1 gc, windows-amd64)
# No core dump will be written. Minidumps are not enabled by default on client versions of Windows
#

---------------  S U M M A R Y ------------

Command Line: 

Host: Intel(R) Core(TM) i5-4590 CPU @ 3.30GHz, 4 cores, 7G,  Windows 10 , 64 bit Build 19041 (10.0.19041.1889)
Time: Wed Sep  7 16:12:13 2022 India Standard Time elapsed time: 0.015922 seconds (0d 0h 0m 0s)

---------------  T H R E A D  ---------------

Current thread (0x00000178fb338800):  JavaThread "Unknown thread" [_thread_in_vm, id=10620, stack(0x0000005919200000,0x0000005919300000)]

Stack: [0x0000005919200000,0x0000005919300000]
Native frames: (J=compiled Java code, j=interpreted, Vv=VM code, C=native code)
V  [jvm.dll+0x5fbcea]
V  [jvm.dll+0x731905]
V  [jvm.dll+0x732f1d]
V  [jvm.dll+0x7335d3]
V  [jvm.dll+0x247bf8]
V  [jvm.dll+0x5f90b4]
V  [jvm.dll+0x5edc85]
V  [jvm.dll+0x305aeb]
V  [jvm.dll+0x305a5a]
V  [jvm.dll+0x305932]
V  [jvm.dll+0x30a896]
V  [jvm.dll+0x353803]
V  [jvm.dll+0x353f06]
V  [jvm.dll+0x353903]
V  [jvm.dll+0x2e0678]
V  [jvm.dll+0x2e1827]
V  [jvm.dll+0x710037]
V  [jvm.dll+0x71182c]
V  [jvm.dll+0x360da9]
V  [jvm.dll+0x6f390e]
V  [jvm.dll+0x3c9723]
V  [jvm.dll+0x3cb9b1]
C  [jli.dll+0x536b]
C  [ucrtbase.dll+0x21bb2]
C  [KERNEL32.DLL+0x17034]
C  [ntdll.dll+0x526a1]


---------------  P R O C E S S  ---------------

Threads class SMR info:
_java_thread_list=0x00000178f990e6e0, length=0, elements={
}

Java Threads: ( => current thread )

Other Threads:
  0x00000178fb350800 GCTaskThread "GC Thread#0" [stack: 0x0000005919300000,0x0000005919400000] [id=10156]
  0x00000178fb380800 ConcurrentGCThread "G1 Main Marker" [stack: 0x0000005919400000,0x0000005919500000] [id=1488]
  0x00000178fb382000 ConcurrentGCThread "G1 Conc#0" [stack: 0x0000005919500000,0x0000005919600000] [id=8636]

[error occurred during error reporting (printing all threads), id 0xc0000005, EXCEPTION_ACCESS_VIOLATION (0xc0000005) at pc=0x00007ff9f66f0be7]

VM state:not at safepoint (not fully initialized)

VM Mutex/Monitor currently owned by a thread:  ([mutex/lock_event])
[0x00000178fb335b50] Heap_lock - owner thread: 0x00000178fb338800

Heap address: 0x0000000081400000, size: 2028 MB, Compressed Oops mode: Non-zero based: 0x0000000081400000
Narrow klass base: 0x0000000000000000, Narrow klass shift: 0

GC Heap History (0 events):
No events

Deoptimization events (0 events):
No events

Classes redefined (0 events):
No events

Internal exceptions (0 events):
No events

Events (1 events):
Event: 0.006 Loaded shared library D:\Android Studio\jre\bin\zip.dll


Dynamic libraries:
0x00007ff761640000 - 0x00007ff76164a000 	D:\Android Studio\jre\bin\java.EXE
0x00007ffa70950000 - 0x00007ffa70b48000 	C:\WINDOWS\SYSTEM32\ntdll.dll
0x00007ffa6ee80000 - 0x00007ffa6ef3d000 	C:\WINDOWS\System32\KERNEL32.DLL
0x00007ffa6e6e0000 - 0x00007ffa6e9ae000 	C:\WINDOWS\System32\KERNELBASE.dll
0x00007ffa6e0f0000 - 0x00007ffa6e1f0000 	C:\WINDOWS\System32\ucrtbase.dll
0x00007ffa69ba0000 - 0x00007ffa69bb9000 	D:\Android Studio\jre\bin\jli.dll
0x00007ffa60560000 - 0x00007ffa60577000 	D:\Android Studio\jre\bin\VCRUNTIME140.dll
0x00007ffa58980000 - 0x00007ffa58c1a000 	C:\WINDOWS\WinSxS\amd64_microsoft.windows.common-controls_6595b64144ccf1df_6.0.19041.1110_none_60b5254171f9507e\COMCTL32.dll
0x00007ffa6ffe0000 - 0x00007ffa7007e000 	C:\WINDOWS\System32\msvcrt.dll
0x00007ffa70830000 - 0x00007ffa7085a000 	C:\WINDOWS\System32\GDI32.dll
0x00007ffa6e070000 - 0x00007ffa6e092000 	C:\WINDOWS\System32\win32u.dll
0x00007ffa6e400000 - 0x00007ffa6e50b000 	C:\WINDOWS\System32\gdi32full.dll
0x00007ffa6e640000 - 0x00007ffa6e6dd000 	C:\WINDOWS\System32\msvcp_win.dll
0x00007ffa6fe40000 - 0x00007ffa6ffe0000 	C:\WINDOWS\System32\USER32.dll
0x00007ffa6f1d0000 - 0x00007ffa6f200000 	C:\WINDOWS\System32\IMM32.DLL
0x00007ffa38d70000 - 0x00007ffa38e0d000 	D:\Android Studio\jre\bin\msvcp140.dll
0x00007ff9f6400000 - 0x00007ff9f6ee5000 	D:\Android Studio\jre\bin\server\jvm.dll
0x00007ffa6fcc0000 - 0x00007ffa6fd6e000 	C:\WINDOWS\System32\ADVAPI32.dll
0x00007ffa6f5c0000 - 0x00007ffa6f65c000 	C:\WINDOWS\System32\sechost.dll
0x00007ffa6f820000 - 0x00007ffa6f945000 	C:\WINDOWS\System32\RPCRT4.dll
0x00007ffa6f140000 - 0x00007ffa6f148000 	C:\WINDOWS\System32\PSAPI.DLL
0x00007ffa69020000 - 0x00007ffa69029000 	C:\WINDOWS\SYSTEM32\WSOCK32.dll
0x00007ffa6f950000 - 0x00007ffa6f9bb000 	C:\WINDOWS\System32\WS2_32.dll
0x00007ffa616e0000 - 0x00007ffa61707000 	C:\WINDOWS\SYSTEM32\WINMM.dll
0x00007ffa61a40000 - 0x00007ffa61a4a000 	C:\WINDOWS\SYSTEM32\VERSION.dll
0x00007ffa6bf80000 - 0x00007ffa6bf92000 	C:\WINDOWS\SYSTEM32\kernel.appcore.dll
0x00007ffa60540000 - 0x00007ffa60551000 	D:\Android Studio\jre\bin\verify.dll
0x00007ffa5d410000 - 0x00007ffa5d5f4000 	C:\WINDOWS\SYSTEM32\DBGHELP.DLL
0x00007ffa5d350000 - 0x00007ffa5d37c000 	C:\WINDOWS\SYSTEM32\dbgcore.DLL
0x00007ffa6e5b0000 - 0x00007ffa6e632000 	C:\WINDOWS\System32\bcryptPrimitives.dll
0x00007ffa60490000 - 0x00007ffa604b9000 	D:\Android Studio\jre\bin\java.dll
0x00007ffa60510000 - 0x00007ffa6051b000 	D:\Android Studio\jre\bin\jimage.dll
0x00007ffa598e0000 - 0x00007ffa598f8000 	D:\Android Studio\jre\bin\zip.dll

dbghelp: loaded successfully - version: 4.0.5 - missing functions: none
symbol engine: initialized successfully - sym options: 0x614 - pdb path: .;D:\Android Studio\jre\bin;C:\WINDOWS\SYSTEM32;C:\WINDOWS\WinSxS\amd64_microsoft.windows.common-controls_6595b64144ccf1df_6.0.19041.1110_none_60b5254171f9507e;D:\Android Studio\jre\bin\server

VM Arguments:
java_command: <unknown>
java_class_path (initial): <not set>
Launcher Type: SUN_STANDARD

[Global flags]
     intx CICompilerCount                          = 3                                         {product} {ergonomic}
     uint ConcGCThreads                            = 1                                         {product} {ergonomic}
     uint G1ConcRefinementThreads                  = 4                                         {product} {ergonomic}
   size_t G1HeapRegionSize                         = 1048576                                   {product} {ergonomic}
    uintx GCDrainStackTargetSize                   = 64                                        {product} {ergonomic}
   size_t InitialHeapSize                          = 134217728                                 {product} {ergonomic}
   size_t MarkStackSize                            = 4194304                                   {product} {ergonomic}
   size_t MaxHeapSize                              = 2126512128                                {product} {ergonomic}
   size_t MinHeapDeltaBytes                        = 1048576                                   {product} {ergonomic}
    uintx NonNMethodCodeHeapSize                   = 5830732                                {pd product} {ergonomic}
    uintx NonProfiledCodeHeapSize                  = 122913754                              {pd product} {ergonomic}
    uintx ProfiledCodeHeapSize                     = 122913754                              {pd product} {ergonomic}
    uintx ReservedCodeCacheSize                    = 251658240                              {pd product} {ergonomic}
     bool SegmentedCodeCache                       = true                                      {product} {ergonomic}
     bool UseCompressedClassPointers               = true                                 {lp64_product} {ergonomic}
     bool UseCompressedOops                        = true                                 {lp64_product} {ergonomic}
     bool UseG1GC                                  = true                                      {product} {ergonomic}
     bool UseLargePagesIndividualAllocation        = false                                  {pd product} {ergonomic}

Logging:
Log output configuration:
 #0: stdout all=warning uptime,level,tags
 #1: stderr all=off uptime,level,tags

Environment Variables:
PATH=C:\WINDOWS\system32;C:\WINDOWS;C:\WINDOWS\System32\Wbem;C:\WINDOWS\System32\WindowsPowerShell\v1.0\;C:\WINDOWS\System32\OpenSSH\;C:\ProgramData\chocolatey\bin;C:\Program Files\nodejs\;C:\Program Files\Git\cmd;C:\Users\racer\AppData\Local\Microsoft\WindowsApps;C:\Users\racer\AppData\Roaming\npm;C:\Users\racer\AppData\Local\Programs\Microsoft VS Code\bin;C:\src\flutter\bin;
USERNAME=racer
OS=Windows_NT
PROCESSOR_IDENTIFIER=Intel64 Family 6 Model 60 Stepping 3, GenuineIntel



---------------  S Y S T E M  ---------------

OS: Windows 10 , 64 bit Build 19041 (10.0.19041.1889)
OS uptime: 3 days 6:07 hours

CPU:total 4 (initial active 4) (4 cores per cpu, 1 threads per core) family 6 model 60 stepping 3 microcode 0x27, cmov, cx8, fxsr, mmx, sse, sse2, sse3, ssse3, sse4.1, sse4.2, popcnt, avx, avx2, aes, clmul, erms, lzcnt, tsc, tscinvbit, bmi1, bmi2, fma

Memory: 4k page, system-wide physical 8110M (467M free)
TotalPageFile size 10110M (AvailPageFile size 93M)
current process WorkingSet (physical memory assigned to process): 9M, peak: 9M
current process commit charge ("private bytes"): 51M, peak: 179M

vm_info: OpenJDK 64-Bit Server VM (11.0.12+7-b1504.28-7817840) for windows-amd64 JRE (11.0.12+7-b1504.28-7817840), built on Oct 13 2021 22:12:33 by "builder" with MS VC++ 14.0 (VS2015)

END.
