#
# There is insufficient memory for the Java Runtime Environment to continue.
# Native memory allocation (malloc) failed to allocate 136416 bytes for Chunk::new
# Possible reasons:
#   The system is out of physical RAM or swap space
#   The process is running with CompressedOops enabled, and the Java Heap may be blocking the growth of the native heap
# Possible solutions:
#   Reduce memory load on the system
#   Increase physical memory or swap space
#   Check if swap backing store is full
#   Decrease Java heap size (-Xmx/-Xms)
#   Decrease number of Java threads
#   Decrease Java thread stack sizes (-Xss)
#   Set larger code cache with -XX:ReservedCodeCacheSize=
#   JVM is running with Unscaled Compressed Oops mode in which the Java heap is
#     placed in the first 4GB address space. The Java Heap base address is the
#     maximum limit for the native heap growth. Please use -XX:HeapBaseMinAddress
#     to set the Java Heap base and to place the Java Heap above 4GB virtual address.
# This output file may be truncated or incomplete.
#
#  Out of Memory Error (./src/hotspot/share/memory/arena.cpp:197), pid=11996, tid=1564
#
# JRE version: OpenJDK Runtime Environment (11.0.12+7) (build 11.0.12+7-b1504.28-7817840)
# Java VM: OpenJDK 64-Bit Server VM (11.0.12+7-b1504.28-7817840, mixed mode, tiered, compressed oops, g1 gc, windows-amd64)
# No core dump will be written. Minidumps are not enabled by default on client versions of Windows
#

---------------  S U M M A R Y ------------

Command Line: -Dorg.gradle.appname=gradlew org.gradle.wrapper.GradleWrapperMain -q -Ptarget-platform=android-x86 -Ptarget=D:\Android develop\flutter_application_4\lib\main.dart -Pbase-application-name=android.app.Application -Pdart-defines=RkxVVFRFUl9XRUJfQVVUT19ERVRFQ1Q9dHJ1ZQ== -Pdart-obfuscation=false -Ptrack-widget-creation=true -Ptree-shake-icons=false -Pfilesystem-scheme=org-dartlang-root assembleDebug

Host: Intel(R) Core(TM) i5-4590 CPU @ 3.30GHz, 4 cores, 7G,  Windows 10 , 64 bit Build 19041 (10.0.19041.1889)
Time: Wed Sep  7 16:19:55 2022 India Standard Time elapsed time: 0.797497 seconds (0d 0h 0m 0s)

---------------  T H R E A D  ---------------

Current thread (0x000002066f0ba000):  JavaThread "C2 CompilerThread0" daemon [_thread_in_native, id=1564, stack(0x000000371d700000,0x000000371d800000)]


Current CompileTask:
C2:    797  654       4       java.util.zip.ZipFile$Source::getEntryPos (206 bytes)

Stack: [0x000000371d700000,0x000000371d800000]
Native frames: (J=compiled Java code, j=interpreted, Vv=VM code, C=native code)
V  [jvm.dll+0x5fbcea]
V  [jvm.dll+0x731905]
V  [jvm.dll+0x732f1d]
V  [jvm.dll+0x7335d3]
V  [jvm.dll+0x247bf8]
V  [jvm.dll+0xc018c]
V  [jvm.dll+0xc06cc]
V  [jvm.dll+0x2bcc04]
V  [jvm.dll+0x5113a8]
V  [jvm.dll+0x208303]
V  [jvm.dll+0x201fe0]
V  [jvm.dll+0x1ff71f]
V  [jvm.dll+0x18868c]
V  [jvm.dll+0x20e0d7]
V  [jvm.dll+0x20c901]
V  [jvm.dll+0x6f9b7f]
V  [jvm.dll+0x6f26a5]
V  [jvm.dll+0x5fabf6]
C  [ucrtbase.dll+0x21bb2]
C  [KERNEL32.DLL+0x17034]
C  [ntdll.dll+0x526a1]


---------------  P R O C E S S  ---------------

Threads class SMR info:
_java_thread_list=0x000002066fb74780, length=10, elements={
0x000002065553d000, 0x000002066f097800, 0x000002066f099000, 0x000002066f0b4000,
0x000002066f0b8000, 0x000002066f0b9000, 0x000002066f0ba000, 0x000002066f0c1000,
0x000002066fa76000, 0x000002066fb85800
}

Java Threads: ( => current thread )
  0x000002065553d000 JavaThread "main" [_thread_blocked, id=8948, stack(0x000000371cb00000,0x000000371cc00000)]
  0x000002066f097800 JavaThread "Reference Handler" daemon [_thread_blocked, id=10800, stack(0x000000371d200000,0x000000371d300000)]
  0x000002066f099000 JavaThread "Finalizer" daemon [_thread_blocked, id=2448, stack(0x000000371d300000,0x000000371d400000)]
  0x000002066f0b4000 JavaThread "Signal Dispatcher" daemon [_thread_blocked, id=8076, stack(0x000000371d400000,0x000000371d500000)]
  0x000002066f0b8000 JavaThread "Attach Listener" daemon [_thread_blocked, id=7828, stack(0x000000371d500000,0x000000371d600000)]
  0x000002066f0b9000 JavaThread "Service Thread" daemon [_thread_blocked, id=7388, stack(0x000000371d600000,0x000000371d700000)]
=>0x000002066f0ba000 JavaThread "C2 CompilerThread0" daemon [_thread_in_native, id=1564, stack(0x000000371d700000,0x000000371d800000)]
  0x000002066f0c1000 JavaThread "C1 CompilerThread0" daemon [_thread_blocked, id=9088, stack(0x000000371d800000,0x000000371d900000)]
  0x000002066fa76000 JavaThread "Sweeper thread" daemon [_thread_blocked, id=12144, stack(0x000000371d900000,0x000000371da00000)]
  0x000002066fb85800 JavaThread "Common-Cleaner" daemon [_thread_blocked, id=8512, stack(0x000000371db00000,0x000000371dc00000)]

Other Threads:
  0x000002066f072800 VMThread "VM Thread" [stack: 0x000000371d100000,0x000000371d200000] [id=8544]
  0x000002066fb7c800 WatcherThread [stack: 0x000000371da00000,0x000000371db00000] [id=9840]
  0x0000020655555800 GCTaskThread "GC Thread#0" [stack: 0x000000371cc00000,0x000000371cd00000] [id=7252]
  0x000002066fdde800 GCTaskThread "GC Thread#1" [stack: 0x000000371dc00000,0x000000371dd00000] [id=1580]
  0x000002066fe6c800 GCTaskThread "GC Thread#2" [stack: 0x000000371dd00000,0x000000371de00000] [id=1076]
  0x0000020655584000 ConcurrentGCThread "G1 Main Marker" [stack: 0x000000371cd00000,0x000000371ce00000] [id=9328]
  0x0000020655586000 ConcurrentGCThread "G1 Conc#0" [stack: 0x000000371ce00000,0x000000371cf00000] [id=6132]
  0x0000020655619000 ConcurrentGCThread "G1 Refine#0" [stack: 0x000000371cf00000,0x000000371d000000] [id=11664]
  0x000002065561a000 ConcurrentGCThread "G1 Young RemSet Sampling" [stack: 0x000000371d000000,0x000000371d100000] [id=1124]

Threads with active compile tasks:
C2 CompilerThread0    831  654       4       java.util.zip.ZipFile$Source::getEntryPos (206 bytes)
C1 CompilerThread0    831  675       3       java.lang.invoke.MethodType::parameterCount (6 bytes)

VM state:at safepoint (normal execution)

VM Mutex/Monitor currently owned by a thread:  ([mutex/lock_event])
[0x0000020655538b40] Threads_lock - owner thread: 0x000002066f072800
[0x0000020655538630] Heap_lock - owner thread: 0x000002066f0c1000
[0x0000020655538510] MethodData_lock - owner thread: 0x000002066f0c1000

Heap address: 0x0000000081400000, size: 2028 MB, Compressed Oops mode: 32-bit
Narrow klass base: 0x0000000000000000, Narrow klass shift: 3
Compressed class space size: 1073741824 Address: 0x0000000100000000

Heap:
 garbage-first heap   total 131072K, used 8845K [0x0000000081400000, 0x0000000100000000)
  region size 1024K, 5 young (5120K), 5 survivors (5120K)
 Metaspace       used 8625K, capacity 8781K, committed 8832K, reserved 1064960K
  class space    used 797K, capacity 858K, committed 896K, reserved 1048576K
Heap Regions: E=young(eden), S=young(survivor), O=old, HS=humongous(starts), HC=humongous(continues), CS=collection set, F=free, A=archive, TAMS=top-at-mark-start (previous, next)
|   0|0x0000000081400000, 0x0000000081500000, 0x0000000081500000|100%|HS|  |TAMS 0x0000000081400000, 0x0000000081500000| Complete 
|   1|0x0000000081500000, 0x0000000081600000, 0x0000000081600000|100%|HC|  |TAMS 0x0000000081500000, 0x0000000081600000| Complete 
|   2|0x0000000081600000, 0x0000000081700000, 0x0000000081700000|100%|HC|  |TAMS 0x0000000081600000, 0x0000000081700000| Complete 
|   3|0x0000000081700000, 0x0000000081800000, 0x0000000081800000|100%| O|  |TAMS 0x0000000081700000, 0x0000000081800000| Untracked 
|   4|0x0000000081800000, 0x0000000081858000, 0x0000000081900000| 34%| O|  |TAMS 0x0000000081800000, 0x0000000081858000| Untracked 
|   5|0x0000000081900000, 0x0000000081900000, 0x0000000081a00000|  0%| F|  |TAMS 0x0000000081900000, 0x0000000081900000| Untracked 
|   6|0x0000000081a00000, 0x0000000081a00000, 0x0000000081b00000|  0%| F|  |TAMS 0x0000000081a00000, 0x0000000081a00000| Untracked 
|   7|0x0000000081b00000, 0x0000000081b00000, 0x0000000081c00000|  0%| F|  |TAMS 0x0000000081b00000, 0x0000000081b00000| Untracked 
|   8|0x0000000081c00000, 0x0000000081c00000, 0x0000000081d00000|  0%| F|  |TAMS 0x0000000081c00000, 0x0000000081c00000| Untracked 
|   9|0x0000000081d00000, 0x0000000081d00000, 0x0000000081e00000|  0%| F|  |TAMS 0x0000000081d00000, 0x0000000081d00000| Untracked 
|  10|0x0000000081e00000, 0x0000000081e00000, 0x0000000081f00000|  0%| F|  |TAMS 0x0000000081e00000, 0x0000000081e00000| Untracked 
|  11|0x0000000081f00000, 0x0000000081f00000, 0x0000000082000000|  0%| F|  |TAMS 0x0000000081f00000, 0x0000000081f00000| Untracked 
|  12|0x0000000082000000, 0x0000000082000000, 0x0000000082100000|  0%| F|  |TAMS 0x0000000082000000, 0x0000000082000000| Untracked 
|  13|0x0000000082100000, 0x0000000082100000, 0x0000000082200000|  0%| F|  |TAMS 0x0000000082100000, 0x0000000082100000| Untracked 
|  14|0x0000000082200000, 0x0000000082200000, 0x0000000082300000|  0%| F|  |TAMS 0x0000000082200000, 0x0000000082200000| Untracked 
|  15|0x0000000082300000, 0x0000000082300000, 0x0000000082400000|  0%| F|  |TAMS 0x0000000082300000, 0x0000000082300000| Untracked 
|  16|0x0000000082400000, 0x0000000082400000, 0x0000000082500000|  0%| F|  |TAMS 0x0000000082400000, 0x0000000082400000| Untracked 
|  17|0x0000000082500000, 0x0000000082500000, 0x0000000082600000|  0%| F|  |TAMS 0x0000000082500000, 0x0000000082500000| Untracked 
|  18|0x0000000082600000, 0x0000000082600000, 0x0000000082700000|  0%| F|  |TAMS 0x0000000082600000, 0x0000000082600000| Untracked 
|  19|0x0000000082700000, 0x0000000082700000, 0x0000000082800000|  0%| F|  |TAMS 0x0000000082700000, 0x0000000082700000| Untracked 
|  20|0x0000000082800000, 0x0000000082800000, 0x0000000082900000|  0%| F|  |TAMS 0x0000000082800000, 0x0000000082800000| Untracked 
|  21|0x0000000082900000, 0x0000000082900000, 0x0000000082a00000|  0%| F|  |TAMS 0x0000000082900000, 0x0000000082900000| Untracked 
|  22|0x0000000082a00000, 0x0000000082a00000, 0x0000000082b00000|  0%| F|  |TAMS 0x0000000082a00000, 0x0000000082a00000| Untracked 
|  23|0x0000000082b00000, 0x0000000082b00000, 0x0000000082c00000|  0%| F|  |TAMS 0x0000000082b00000, 0x0000000082b00000| Untracked 
|  24|0x0000000082c00000, 0x0000000082c00000, 0x0000000082d00000|  0%| F|  |TAMS 0x0000000082c00000, 0x0000000082c00000| Untracked 
|  25|0x0000000082d00000, 0x0000000082d00000, 0x0000000082e00000|  0%| F|  |TAMS 0x0000000082d00000, 0x0000000082d00000| Untracked 
|  26|0x0000000082e00000, 0x0000000082e00000, 0x0000000082f00000|  0%| F|  |TAMS 0x0000000082e00000, 0x0000000082e00000| Untracked 
|  27|0x0000000082f00000, 0x0000000082f00000, 0x0000000083000000|  0%| F|  |TAMS 0x0000000082f00000, 0x0000000082f00000| Untracked 
|  28|0x0000000083000000, 0x0000000083000000, 0x0000000083100000|  0%| F|  |TAMS 0x0000000083000000, 0x0000000083000000| Untracked 
|  29|0x0000000083100000, 0x0000000083100000, 0x0000000083200000|  0%| F|  |TAMS 0x0000000083100000, 0x0000000083100000| Untracked 
|  30|0x0000000083200000, 0x0000000083200000, 0x0000000083300000|  0%| F|  |TAMS 0x0000000083200000, 0x0000000083200000| Untracked 
|  31|0x0000000083300000, 0x0000000083300000, 0x0000000083400000|  0%| F|  |TAMS 0x0000000083300000, 0x0000000083300000| Untracked 
|  32|0x0000000083400000, 0x0000000083400000, 0x0000000083500000|  0%| F|  |TAMS 0x0000000083400000, 0x0000000083400000| Untracked 
|  33|0x0000000083500000, 0x0000000083500000, 0x0000000083600000|  0%| F|  |TAMS 0x0000000083500000, 0x0000000083500000| Untracked 
|  34|0x0000000083600000, 0x0000000083600000, 0x0000000083700000|  0%| F|  |TAMS 0x0000000083600000, 0x0000000083600000| Untracked 
|  35|0x0000000083700000, 0x0000000083700000, 0x0000000083800000|  0%| F|  |TAMS 0x0000000083700000, 0x0000000083700000| Untracked 
|  36|0x0000000083800000, 0x0000000083800000, 0x0000000083900000|  0%| F|  |TAMS 0x0000000083800000, 0x0000000083800000| Untracked 
|  37|0x0000000083900000, 0x0000000083900000, 0x0000000083a00000|  0%| F|  |TAMS 0x0000000083900000, 0x0000000083900000| Untracked 
|  38|0x0000000083a00000, 0x0000000083a00000, 0x0000000083b00000|  0%| F|  |TAMS 0x0000000083a00000, 0x0000000083a00000| Untracked 
|  39|0x0000000083b00000, 0x0000000083b00000, 0x0000000083c00000|  0%| F|  |TAMS 0x0000000083b00000, 0x0000000083b00000| Untracked 
|  40|0x0000000083c00000, 0x0000000083c00000, 0x0000000083d00000|  0%| F|  |TAMS 0x0000000083c00000, 0x0000000083c00000| Untracked 
|  41|0x0000000083d00000, 0x0000000083d00000, 0x0000000083e00000|  0%| F|  |TAMS 0x0000000083d00000, 0x0000000083d00000| Untracked 
|  42|0x0000000083e00000, 0x0000000083e00000, 0x0000000083f00000|  0%| F|  |TAMS 0x0000000083e00000, 0x0000000083e00000| Untracked 
|  43|0x0000000083f00000, 0x0000000083f00000, 0x0000000084000000|  0%| F|  |TAMS 0x0000000083f00000, 0x0000000083f00000| Untracked 
|  44|0x0000000084000000, 0x0000000084000000, 0x0000000084100000|  0%| F|  |TAMS 0x0000000084000000, 0x0000000084000000| Untracked 
|  45|0x0000000084100000, 0x0000000084100000, 0x0000000084200000|  0%| F|  |TAMS 0x0000000084100000, 0x0000000084100000| Untracked 
|  46|0x0000000084200000, 0x0000000084200000, 0x0000000084300000|  0%| F|  |TAMS 0x0000000084200000, 0x0000000084200000| Untracked 
|  47|0x0000000084300000, 0x0000000084300000, 0x0000000084400000|  0%| F|  |TAMS 0x0000000084300000, 0x0000000084300000| Untracked 
|  48|0x0000000084400000, 0x0000000084400000, 0x0000000084500000|  0%| F|  |TAMS 0x0000000084400000, 0x0000000084400000| Untracked 
|  49|0x0000000084500000, 0x0000000084500000, 0x0000000084600000|  0%| F|  |TAMS 0x0000000084500000, 0x0000000084500000| Untracked 
|  50|0x0000000084600000, 0x0000000084600000, 0x0000000084700000|  0%| F|  |TAMS 0x0000000084600000, 0x0000000084600000| Untracked 
|  51|0x0000000084700000, 0x0000000084700000, 0x0000000084800000|  0%| F|  |TAMS 0x0000000084700000, 0x0000000084700000| Untracked 
|  52|0x0000000084800000, 0x0000000084800000, 0x0000000084900000|  0%| F|  |TAMS 0x0000000084800000, 0x0000000084800000| Untracked 
|  53|0x0000000084900000, 0x0000000084900000, 0x0000000084a00000|  0%| F|  |TAMS 0x0000000084900000, 0x0000000084900000| Untracked 
|  54|0x0000000084a00000, 0x0000000084a00000, 0x0000000084b00000|  0%| F|  |TAMS 0x0000000084a00000, 0x0000000084a00000| Untracked 
|  55|0x0000000084b00000, 0x0000000084b00000, 0x0000000084c00000|  0%| F|  |TAMS 0x0000000084b00000, 0x0000000084b00000| Untracked 
|  56|0x0000000084c00000, 0x0000000084c00000, 0x0000000084d00000|  0%| F|  |TAMS 0x0000000084c00000, 0x0000000084c00000| Untracked 
|  57|0x0000000084d00000, 0x0000000084d00000, 0x0000000084e00000|  0%| F|  |TAMS 0x0000000084d00000, 0x0000000084d00000| Untracked 
|  58|0x0000000084e00000, 0x0000000084e00000, 0x0000000084f00000|  0%| F|  |TAMS 0x0000000084e00000, 0x0000000084e00000| Untracked 
|  59|0x0000000084f00000, 0x0000000084f00000, 0x0000000085000000|  0%| F|  |TAMS 0x0000000084f00000, 0x0000000084f00000| Untracked 
|  60|0x0000000085000000, 0x0000000085000000, 0x0000000085100000|  0%| F|  |TAMS 0x0000000085000000, 0x0000000085000000| Untracked 
|  61|0x0000000085100000, 0x0000000085100000, 0x0000000085200000|  0%| F|  |TAMS 0x0000000085100000, 0x0000000085100000| Untracked 
|  62|0x0000000085200000, 0x0000000085200000, 0x0000000085300000|  0%| F|  |TAMS 0x0000000085200000, 0x0000000085200000| Untracked 
|  63|0x0000000085300000, 0x0000000085300000, 0x0000000085400000|  0%| F|  |TAMS 0x0000000085300000, 0x0000000085300000| Untracked 
|  64|0x0000000085400000, 0x0000000085400000, 0x0000000085500000|  0%| F|  |TAMS 0x0000000085400000, 0x0000000085400000| Untracked 
|  65|0x0000000085500000, 0x0000000085500000, 0x0000000085600000|  0%| F|  |TAMS 0x0000000085500000, 0x0000000085500000| Untracked 
|  66|0x0000000085600000, 0x0000000085600000, 0x0000000085700000|  0%| F|  |TAMS 0x0000000085600000, 0x0000000085600000| Untracked 
|  67|0x0000000085700000, 0x0000000085700000, 0x0000000085800000|  0%| F|  |TAMS 0x0000000085700000, 0x0000000085700000| Untracked 
|  68|0x0000000085800000, 0x0000000085800000, 0x0000000085900000|  0%| F|  |TAMS 0x0000000085800000, 0x0000000085800000| Untracked 
|  69|0x0000000085900000, 0x0000000085900000, 0x0000000085a00000|  0%| F|  |TAMS 0x0000000085900000, 0x0000000085900000| Untracked 
|  70|0x0000000085a00000, 0x0000000085a00000, 0x0000000085b00000|  0%| F|  |TAMS 0x0000000085a00000, 0x0000000085a00000| Untracked 
|  71|0x0000000085b00000, 0x0000000085b00000, 0x0000000085c00000|  0%| F|  |TAMS 0x0000000085b00000, 0x0000000085b00000| Untracked 
|  72|0x0000000085c00000, 0x0000000085c00000, 0x0000000085d00000|  0%| F|  |TAMS 0x0000000085c00000, 0x0000000085c00000| Untracked 
|  73|0x0000000085d00000, 0x0000000085d00000, 0x0000000085e00000|  0%| F|  |TAMS 0x0000000085d00000, 0x0000000085d00000| Untracked 
|  74|0x0000000085e00000, 0x0000000085e00000, 0x0000000085f00000|  0%| F|  |TAMS 0x0000000085e00000, 0x0000000085e00000| Untracked 
|  75|0x0000000085f00000, 0x0000000085f00000, 0x0000000086000000|  0%| F|  |TAMS 0x0000000085f00000, 0x0000000085f00000| Untracked 
|  76|0x0000000086000000, 0x0000000086000000, 0x0000000086100000|  0%| F|  |TAMS 0x0000000086000000, 0x0000000086000000| Untracked 
|  77|0x0000000086100000, 0x0000000086100000, 0x0000000086200000|  0%| F|  |TAMS 0x0000000086100000, 0x0000000086100000| Untracked 
|  78|0x0000000086200000, 0x0000000086200000, 0x0000000086300000|  0%| F|  |TAMS 0x0000000086200000, 0x0000000086200000| Untracked 
|  79|0x0000000086300000, 0x0000000086300000, 0x0000000086400000|  0%| F|  |TAMS 0x0000000086300000, 0x0000000086300000| Untracked 
|  80|0x0000000086400000, 0x0000000086400000, 0x0000000086500000|  0%| F|  |TAMS 0x0000000086400000, 0x0000000086400000| Untracked 
|  81|0x0000000086500000, 0x0000000086500000, 0x0000000086600000|  0%| F|  |TAMS 0x0000000086500000, 0x0000000086500000| Untracked 
|  82|0x0000000086600000, 0x0000000086600000, 0x0000000086700000|  0%| F|  |TAMS 0x0000000086600000, 0x0000000086600000| Untracked 
|  83|0x0000000086700000, 0x0000000086700000, 0x0000000086800000|  0%| F|  |TAMS 0x0000000086700000, 0x0000000086700000| Untracked 
|  84|0x0000000086800000, 0x0000000086800000, 0x0000000086900000|  0%| F|  |TAMS 0x0000000086800000, 0x0000000086800000| Untracked 
|  85|0x0000000086900000, 0x0000000086900000, 0x0000000086a00000|  0%| F|  |TAMS 0x0000000086900000, 0x0000000086900000| Untracked 
|  86|0x0000000086a00000, 0x0000000086a00000, 0x0000000086b00000|  0%| F|  |TAMS 0x0000000086a00000, 0x0000000086a00000| Untracked 
|  87|0x0000000086b00000, 0x0000000086b00000, 0x0000000086c00000|  0%| F|  |TAMS 0x0000000086b00000, 0x0000000086b00000| Untracked 
|  88|0x0000000086c00000, 0x0000000086c00000, 0x0000000086d00000|  0%| F|  |TAMS 0x0000000086c00000, 0x0000000086c00000| Untracked 
|  89|0x0000000086d00000, 0x0000000086d00000, 0x0000000086e00000|  0%| F|  |TAMS 0x0000000086d00000, 0x0000000086d00000| Untracked 
|  90|0x0000000086e00000, 0x0000000086e00000, 0x0000000086f00000|  0%| F|  |TAMS 0x0000000086e00000, 0x0000000086e00000| Untracked 
|  91|0x0000000086f00000, 0x0000000086f00000, 0x0000000087000000|  0%| F|  |TAMS 0x0000000086f00000, 0x0000000086f00000| Untracked 
|  92|0x0000000087000000, 0x0000000087000000, 0x0000000087100000|  0%| F|  |TAMS 0x0000000087000000, 0x0000000087000000| Untracked 
|  93|0x0000000087100000, 0x0000000087100000, 0x0000000087200000|  0%| F|  |TAMS 0x0000000087100000, 0x0000000087100000| Untracked 
|  94|0x0000000087200000, 0x0000000087200000, 0x0000000087300000|  0%| F|  |TAMS 0x0000000087200000, 0x0000000087200000| Untracked 
|  95|0x0000000087300000, 0x0000000087300000, 0x0000000087400000|  0%| F|  |TAMS 0x0000000087300000, 0x0000000087300000| Untracked 
|  96|0x0000000087400000, 0x0000000087400000, 0x0000000087500000|  0%| F|  |TAMS 0x0000000087400000, 0x0000000087400000| Untracked 
|  97|0x0000000087500000, 0x0000000087500000, 0x0000000087600000|  0%| F|  |TAMS 0x0000000087500000, 0x0000000087500000| Untracked 
|  98|0x0000000087600000, 0x0000000087600000, 0x0000000087700000|  0%| F|  |TAMS 0x0000000087600000, 0x0000000087600000| Untracked 
|  99|0x0000000087700000, 0x0000000087700000, 0x0000000087800000|  0%| F|  |TAMS 0x0000000087700000, 0x0000000087700000| Untracked 
| 100|0x0000000087800000, 0x0000000087800000, 0x0000000087900000|  0%| F|  |TAMS 0x0000000087800000, 0x0000000087800000| Untracked 
| 101|0x0000000087900000, 0x0000000087900000, 0x0000000087a00000|  0%| F|  |TAMS 0x0000000087900000, 0x0000000087900000| Untracked 
| 102|0x0000000087a00000, 0x0000000087a00000, 0x0000000087b00000|  0%| F|  |TAMS 0x0000000087a00000, 0x0000000087a00000| Untracked 
| 103|0x0000000087b00000, 0x0000000087b00000, 0x0000000087c00000|  0%| F|  |TAMS 0x0000000087b00000, 0x0000000087b00000| Untracked 
| 104|0x0000000087c00000, 0x0000000087c00000, 0x0000000087d00000|  0%| F|  |TAMS 0x0000000087c00000, 0x0000000087c00000| Untracked 
| 105|0x0000000087d00000, 0x0000000087d00000, 0x0000000087e00000|  0%| F|  |TAMS 0x0000000087d00000, 0x0000000087d00000| Untracked 
| 106|0x0000000087e00000, 0x0000000087e00000, 0x0000000087f00000|  0%| F|  |TAMS 0x0000000087e00000, 0x0000000087e00000| Untracked 
| 107|0x0000000087f00000, 0x0000000087f00000, 0x0000000088000000|  0%| F|  |TAMS 0x0000000087f00000, 0x0000000087f00000| Untracked 
| 108|0x0000000088000000, 0x0000000088000000, 0x0000000088100000|  0%| F|  |TAMS 0x0000000088000000, 0x0000000088000000| Untracked 
| 109|0x0000000088100000, 0x0000000088100000, 0x0000000088200000|  0%| F|  |TAMS 0x0000000088100000, 0x0000000088100000| Untracked 
| 110|0x0000000088200000, 0x0000000088200000, 0x0000000088300000|  0%| F|  |TAMS 0x0000000088200000, 0x0000000088200000| Untracked 
| 111|0x0000000088300000, 0x0000000088300000, 0x0000000088400000|  0%| F|  |TAMS 0x0000000088300000, 0x0000000088300000| Untracked 
| 112|0x0000000088400000, 0x0000000088400000, 0x0000000088500000|  0%| F|  |TAMS 0x0000000088400000, 0x0000000088400000| Untracked 
| 113|0x0000000088500000, 0x0000000088500000, 0x0000000088600000|  0%| F|  |TAMS 0x0000000088500000, 0x0000000088500000| Untracked 
| 114|0x0000000088600000, 0x0000000088600000, 0x0000000088700000|  0%| F|  |TAMS 0x0000000088600000, 0x0000000088600000| Untracked 
| 115|0x0000000088700000, 0x0000000088700000, 0x0000000088800000|  0%| F|  |TAMS 0x0000000088700000, 0x0000000088700000| Untracked 
| 116|0x0000000088800000, 0x0000000088800000, 0x0000000088900000|  0%| F|  |TAMS 0x0000000088800000, 0x0000000088800000| Untracked 
| 117|0x0000000088900000, 0x0000000088900000, 0x0000000088a00000|  0%| F|  |TAMS 0x0000000088900000, 0x0000000088900000| Untracked 
| 118|0x0000000088a00000, 0x0000000088a00000, 0x0000000088b00000|  0%| F|  |TAMS 0x0000000088a00000, 0x0000000088a00000| Untracked 
| 119|0x0000000088b00000, 0x0000000088b4b488, 0x0000000088c00000| 29%| S|CS|TAMS 0x0000000088b00000, 0x0000000088b00000| Complete 
| 120|0x0000000088c00000, 0x0000000088d00000, 0x0000000088d00000|100%| S|CS|TAMS 0x0000000088c00000, 0x0000000088c00000| Complete 
| 121|0x0000000088d00000, 0x0000000088e00000, 0x0000000088e00000|100%| S|CS|TAMS 0x0000000088d00000, 0x0000000088d00000| Complete 
| 122|0x0000000088e00000, 0x0000000088f00000, 0x0000000088f00000|100%| S|CS|TAMS 0x0000000088e00000, 0x0000000088e00000| Complete 
| 123|0x0000000088f00000, 0x0000000089000000, 0x0000000089000000|100%| S|CS|TAMS 0x0000000088f00000, 0x0000000088f00000| Complete 
| 124|0x0000000089000000, 0x0000000089000000, 0x0000000089100000|  0%| F|  |TAMS 0x0000000089000000, 0x0000000089000000| Untracked 
| 125|0x0000000089100000, 0x0000000089100000, 0x0000000089200000|  0%| F|  |TAMS 0x0000000089100000, 0x0000000089100000| Untracked 
| 126|0x0000000089200000, 0x0000000089200000, 0x0000000089300000|  0%| F|  |TAMS 0x0000000089200000, 0x0000000089200000| Untracked 
| 127|0x0000000089300000, 0x0000000089300000, 0x0000000089400000|  0%| F|  |TAMS 0x0000000089300000, 0x0000000089300000| Untracked 

Card table byte_map: [0x0000020668450000,0x0000020668850000] _byte_map_base: 0x0000020668046000

Marking Bits (Prev, Next): (CMBitMap*) 0x000002065557b758, (CMBitMap*) 0x000002065557b790
 Prev Bits: [0x0000020668c50000, 0x000002066ac00000)
 Next Bits: [0x000002066ac00000, 0x000002066cbb0000)

Polling page: 0x0000020653420000

Metaspace:

Usage:
  Non-class:      7.74 MB capacity,     7.64 MB ( 99%) used,    87.37 KB (  1%) free+waste,     7.31 KB ( <1%) overhead. 
      Class:    858.00 KB capacity,   797.52 KB ( 93%) used,    57.10 KB (  7%) free+waste,     3.38 KB ( <1%) overhead. 
       Both:      8.58 MB capacity,     8.42 MB ( 98%) used,   144.47 KB (  2%) free+waste,    10.69 KB ( <1%) overhead. 

Virtual space:
  Non-class space:       16.00 MB reserved,       7.75 MB ( 48%) committed 
      Class space:        1.00 GB reserved,     896.00 KB ( <1%) committed 
             Both:        1.02 GB reserved,       8.63 MB ( <1%) committed 

Chunk freelists:
   Non-Class:  13.00 KB
       Class:  6.00 KB
        Both:  19.00 KB

MaxMetaspaceSize: 17179869184.00 GB
CompressedClassSpaceSize: 1.00 GB
Initial GC threshold: 20.80 MB
Current GC threshold: 21.12 MB
CDS: off

CodeHeap 'non-profiled nmethods': size=120064Kb used=204Kb max_used=204Kb free=119859Kb
 bounds [0x0000020660b10000, 0x0000020660d80000, 0x0000020668050000]
CodeHeap 'profiled nmethods': size=120000Kb used=1210Kb max_used=1210Kb free=118789Kb
 bounds [0x00000206595e0000, 0x0000020659850000, 0x0000020660b10000]
CodeHeap 'non-nmethods': size=5696Kb used=1118Kb max_used=1133Kb free=4577Kb
 bounds [0x0000020659050000, 0x00000206592c0000, 0x00000206595e0000]
 total_blobs=1033 nmethods=672 adapters=274
 compilation: enabled
              stopped_count=0, restarted_count=0
 full_count=0

Compilation events (20 events):
Event: 0.758 Thread 0x000002066f0c1000  646       3       sun.net.www.protocol.jar.Handler::checkNestedProtocol (18 bytes)
Event: 0.758 Thread 0x000002066f0c1000 nmethod 646 0x00000206596f5790 code [0x00000206596f5960, 0x00000206596f5b28]
Event: 0.764 Thread 0x000002066f0c1000  647       3       jdk.internal.loader.FileURLMapper::getPath (141 bytes)
Event: 0.765 Thread 0x000002066f0c1000 nmethod 647 0x00000206596f5c10 code [0x00000206596f5f80, 0x00000206596f7138]
Event: 0.765 Thread 0x000002066f0ba000  648       4       jdk.internal.misc.Unsafe::getLong (7 bytes)
Event: 0.765 Thread 0x000002066f0ba000 nmethod 648 0x0000020660b42590 code [0x0000020660b42720, 0x0000020660b42798]
Event: 0.766 Thread 0x000002066f0c1000  649       3       sun.net.util.IPAddressUtil::checkHostString (53 bytes)
Event: 0.767 Thread 0x000002066f0c1000 nmethod 649 0x00000206596f7790 code [0x00000206596f7a60, 0x00000206596f8768]
Event: 0.789 Thread 0x000002066f0c1000  650       3       java.lang.StringCoding$Result::with (12 bytes)
Event: 0.789 Thread 0x000002066f0c1000 nmethod 650 0x00000206596f8c10 code [0x00000206596f8dc0, 0x00000206596f8f18]
Event: 0.791 Thread 0x000002066f0c1000  651       3       java.net.URL::toLowerCase (37 bytes)
Event: 0.791 Thread 0x000002066f0c1000 nmethod 651 0x00000206596f8f90 code [0x00000206596f91a0, 0x00000206596f9628]
Event: 0.791 Thread 0x000002066f0c1000  652   !   3       java.net.URL::getURLStreamHandler (191 bytes)
Event: 0.792 Thread 0x000002066f0c1000 nmethod 652 0x00000206596f9790 code [0x00000206596f9a40, 0x00000206596fa898]
Event: 0.792 Thread 0x000002066f0c1000  653       3       jdk.internal.util.jar.JarIndex::get (49 bytes)
Event: 0.792 Thread 0x000002066f0c1000 nmethod 653 0x00000206596fad90 code [0x00000206596fafe0, 0x00000206596fb888]
Event: 0.792 Thread 0x000002066f0ba000  654       4       java.util.zip.ZipFile$Source::getEntryPos (206 bytes)
Event: 0.794 Thread 0x000002066f0c1000  656   !   3       jdk.internal.loader.URLClassPath$JarLoader::getResource (353 bytes)
Event: 0.796 Thread 0x000002066f0c1000 nmethod 656 0x00000206596fbb90 code [0x00000206596fc020, 0x00000206596fdff8]
Event: 0.796 Thread 0x000002066f0c1000  658       3       jdk.internal.loader.URLClassPath::getResource (74 bytes)

GC Heap History (2 events):
Event: 0.698 GC heap before
{Heap before GC invocations=0 (full 0):
 garbage-first heap   total 131072K, used 16384K [0x0000000081400000, 0x0000000100000000)
  region size 1024K, 14 young (14336K), 0 survivors (0K)
 Metaspace       used 8391K, capacity 8554K, committed 8832K, reserved 1056768K
  class space    used 766K, capacity 825K, committed 896K, reserved 1048576K
}
Event: 0.702 GC heap after
{Heap after GC invocations=1 (full 0):
 garbage-first heap   total 131072K, used 3424K [0x0000000081400000, 0x0000000100000000)
  region size 1024K, 2 young (2048K), 2 survivors (2048K)
 Metaspace       used 8391K, capacity 8554K, committed 8832K, reserved 1056768K
  class space    used 766K, capacity 825K, committed 896K, reserved 1048576K
}

Deoptimization events (20 events):
Event: 0.537 Thread 0x000002065553d000 DEOPT PACKING pc=0x000002065968ec0b sp=0x000000371cbfd160
Event: 0.537 Thread 0x000002065553d000 DEOPT UNPACKING pc=0x000002065909a95e sp=0x000000371cbfc630 mode 0
Event: 0.537 Thread 0x000002065553d000 DEOPT PACKING pc=0x000002065968ec0b sp=0x000000371cbfd160
Event: 0.537 Thread 0x000002065553d000 DEOPT UNPACKING pc=0x000002065909a95e sp=0x000000371cbfc630 mode 0
Event: 0.537 Thread 0x000002065553d000 DEOPT PACKING pc=0x000002065968ec0b sp=0x000000371cbfd160
Event: 0.537 Thread 0x000002065553d000 DEOPT UNPACKING pc=0x000002065909a95e sp=0x000000371cbfc630 mode 0
Event: 0.565 Thread 0x000002065553d000 Uncommon trap: trap_request=0xffffff4d fr.pc=0x0000020660b35614 relative=0x0000000000000d34
Event: 0.565 Thread 0x000002065553d000 Uncommon trap: reason=unstable_if action=reinterpret pc=0x0000020660b35614 method=java.util.HashMap.putVal(ILjava/lang/Object;Ljava/lang/Object;ZZ)Ljava/lang/Object; @ 81 c2
Event: 0.565 Thread 0x000002065553d000 DEOPT PACKING pc=0x0000020660b35614 sp=0x000000371cbfda80
Event: 0.565 Thread 0x000002065553d000 DEOPT UNPACKING pc=0x000002065909a1af sp=0x000000371cbfda00 mode 2
Event: 0.615 Thread 0x000002065553d000 Uncommon trap: trap_request=0xffffff4d fr.pc=0x0000020660b386f8 relative=0x00000000000007f8
Event: 0.615 Thread 0x000002065553d000 Uncommon trap: reason=unstable_if action=reinterpret pc=0x0000020660b386f8 method=java.util.HashMap.putVal(ILjava/lang/Object;Ljava/lang/Object;ZZ)Ljava/lang/Object; @ 193 c2
Event: 0.615 Thread 0x000002065553d000 DEOPT PACKING pc=0x0000020660b386f8 sp=0x000000371cbf9c10
Event: 0.615 Thread 0x000002065553d000 DEOPT UNPACKING pc=0x000002065909a1af sp=0x000000371cbf9b20 mode 2
Event: 0.657 Thread 0x000002065553d000 DEOPT PACKING pc=0x000002065961de68 sp=0x000000371cbfa7d0
Event: 0.657 Thread 0x000002065553d000 DEOPT UNPACKING pc=0x000002065909a95e sp=0x000000371cbf9ca0 mode 0
Event: 0.665 Thread 0x000002065553d000 DEOPT PACKING pc=0x00000206596b70a2 sp=0x000000371cbfa5a0
Event: 0.665 Thread 0x000002065553d000 DEOPT UNPACKING pc=0x000002065909a95e sp=0x000000371cbf9a08 mode 0
Event: 0.747 Thread 0x000002065553d000 DEOPT PACKING pc=0x000002065963e8d0 sp=0x000000371cbf6e80
Event: 0.747 Thread 0x000002065553d000 DEOPT UNPACKING pc=0x000002065909a95e sp=0x000000371cbf6308 mode 0

Classes redefined (0 events):
No events

Internal exceptions (3 events):
Event: 0.180 Thread 0x000002065553d000 Exception <a 'java/lang/NoSuchMethodError'{0x0000000089289bc8}: 'int java.lang.invoke.DirectMethodHandle$Holder.invokeSpecialIFC(java.lang.Object, java.lang.Object, int)'> (0x0000000089289bc8) thrown at [./src/hotspot/share/interpreter/linkResolver.cpp, line 773]
Event: 0.286 Thread 0x000002065553d000 Exception <a 'java/lang/NoSuchMethodError'{0x0000000089057fa0}: 'int java.lang.invoke.DirectMethodHandle$Holder.invokeStaticInit(java.lang.Object, java.lang.Object)'> (0x0000000089057fa0) thrown at [./src/hotspot/share/interpreter/linkResolver.cpp, line 773]
Event: 0.353 Thread 0x000002065553d000 Exception <a 'java/lang/NoSuchMethodError'{0x0000000088f23078}: 'int java.lang.invoke.DirectMethodHandle$Holder.invokeSpecial(java.lang.Object, java.lang.Object, java.lang.Object, java.lang.Object)'> (0x0000000088f23078) thrown at [./src/hotspot/share/interpreter/linkResolver.cpp, line 773]

Events (20 events):
Event: 0.792 loading class org/gradle/api/logging/LogLevel
Event: 0.792 loading class org/gradle/api/logging/LogLevel done
Event: 0.792 loading class org/gradle/internal/time/Time
Event: 0.792 loading class org/gradle/internal/time/Time done
Event: 0.794 loading class org/gradle/internal/time/Clock
Event: 0.794 loading class org/gradle/internal/time/Clock done
Event: 0.794 loading class org/gradle/internal/time/Timer
Event: 0.794 loading class org/gradle/internal/time/Timer done
Event: 0.795 loading class org/gradle/internal/time/CountdownTimer
Event: 0.795 loading class org/gradle/internal/time/CountdownTimer done
Event: 0.795 loading class org/gradle/internal/time/MonotonicClock
Event: 0.795 loading class org/gradle/internal/time/MonotonicClock done
Event: 0.795 loading class org/gradle/internal/time/TimeSource
Event: 0.795 loading class org/gradle/internal/time/TimeSource done
Event: 0.795 loading class org/gradle/internal/time/TimeSource$1
Event: 0.795 loading class org/gradle/internal/time/TimeSource$1 done
Event: 0.796 loading class org/gradle/internal/logging/slf4j/OutputEventListenerBackedLoggerContext$NoOpLogger
Event: 0.796 loading class org/gradle/internal/logging/slf4j/OutputEventListenerBackedLoggerContext$NoOpLogger done
Event: 0.796 loading class org/gradle/api/logging/Logger
Event: 0.796 loading class org/gradle/api/logging/Logger done


Dynamic libraries:
0x00007ff761640000 - 0x00007ff76164a000 	D:\Android Studio\jre\bin\java.exe
0x00007ffa70950000 - 0x00007ffa70b48000 	C:\WINDOWS\SYSTEM32\ntdll.dll
0x00007ffa6ee80000 - 0x00007ffa6ef3d000 	C:\WINDOWS\System32\KERNEL32.DLL
0x00007ffa6e6e0000 - 0x00007ffa6e9ae000 	C:\WINDOWS\System32\KERNELBASE.dll
0x00007ffa6e0f0000 - 0x00007ffa6e1f0000 	C:\WINDOWS\System32\ucrtbase.dll
0x00007ffa69ba0000 - 0x00007ffa69bb9000 	D:\Android Studio\jre\bin\jli.dll
0x00007ffa60560000 - 0x00007ffa60577000 	D:\Android Studio\jre\bin\VCRUNTIME140.dll
0x00007ffa6fe40000 - 0x00007ffa6ffe0000 	C:\WINDOWS\System32\USER32.dll
0x00007ffa6e070000 - 0x00007ffa6e092000 	C:\WINDOWS\System32\win32u.dll
0x00007ffa58980000 - 0x00007ffa58c1a000 	C:\WINDOWS\WinSxS\amd64_microsoft.windows.common-controls_6595b64144ccf1df_6.0.19041.1110_none_60b5254171f9507e\COMCTL32.dll
0x00007ffa70830000 - 0x00007ffa7085a000 	C:\WINDOWS\System32\GDI32.dll
0x00007ffa6e400000 - 0x00007ffa6e50b000 	C:\WINDOWS\System32\gdi32full.dll
0x00007ffa6ffe0000 - 0x00007ffa7007e000 	C:\WINDOWS\System32\msvcrt.dll
0x00007ffa6e640000 - 0x00007ffa6e6dd000 	C:\WINDOWS\System32\msvcp_win.dll
0x00007ffa6f1d0000 - 0x00007ffa6f200000 	C:\WINDOWS\System32\IMM32.DLL
0x00007ffa38d70000 - 0x00007ffa38e0d000 	D:\Android Studio\jre\bin\msvcp140.dll
0x00007ff9f6400000 - 0x00007ff9f6ee5000 	D:\Android Studio\jre\bin\server\jvm.dll
0x00007ffa6fcc0000 - 0x00007ffa6fd6e000 	C:\WINDOWS\System32\ADVAPI32.dll
0x00007ffa6f5c0000 - 0x00007ffa6f65c000 	C:\WINDOWS\System32\sechost.dll
0x00007ffa6f820000 - 0x00007ffa6f945000 	C:\WINDOWS\System32\RPCRT4.dll
0x00007ffa6f140000 - 0x00007ffa6f148000 	C:\WINDOWS\System32\PSAPI.DLL
0x00007ffa69020000 - 0x00007ffa69029000 	C:\WINDOWS\SYSTEM32\WSOCK32.dll
0x00007ffa6f950000 - 0x00007ffa6f9bb000 	C:\WINDOWS\System32\WS2_32.dll
0x00007ffa616e0000 - 0x00007ffa61707000 	C:\WINDOWS\SYSTEM32\WINMM.dll
0x00007ffa61a40000 - 0x00007ffa61a4a000 	C:\WINDOWS\SYSTEM32\VERSION.dll
0x00007ffa6bf80000 - 0x00007ffa6bf92000 	C:\WINDOWS\SYSTEM32\kernel.appcore.dll
0x00007ffa60540000 - 0x00007ffa60551000 	D:\Android Studio\jre\bin\verify.dll
0x00007ffa5d410000 - 0x00007ffa5d5f4000 	C:\WINDOWS\SYSTEM32\DBGHELP.DLL
0x00007ffa5d350000 - 0x00007ffa5d37c000 	C:\WINDOWS\SYSTEM32\dbgcore.DLL
0x00007ffa6e5b0000 - 0x00007ffa6e632000 	C:\WINDOWS\System32\bcryptPrimitives.dll
0x00007ffa60490000 - 0x00007ffa604b9000 	D:\Android Studio\jre\bin\java.dll
0x00007ffa60510000 - 0x00007ffa6051b000 	D:\Android Studio\jre\bin\jimage.dll
0x00007ffa598e0000 - 0x00007ffa598f8000 	D:\Android Studio\jre\bin\zip.dll
0x00007ffa700e0000 - 0x00007ffa70823000 	C:\WINDOWS\System32\SHELL32.dll
0x00007ffa6c180000 - 0x00007ffa6c915000 	C:\WINDOWS\SYSTEM32\windows.storage.dll
0x00007ffa6f260000 - 0x00007ffa6f5b4000 	C:\WINDOWS\System32\combase.dll
0x00007ffa6da00000 - 0x00007ffa6da30000 	C:\WINDOWS\SYSTEM32\Wldp.dll
0x00007ffa70860000 - 0x00007ffa7090d000 	C:\WINDOWS\System32\SHCORE.dll
0x00007ffa6f200000 - 0x00007ffa6f255000 	C:\WINDOWS\System32\shlwapi.dll
0x00007ffa6dfb0000 - 0x00007ffa6dfcf000 	C:\WINDOWS\SYSTEM32\profapi.dll
0x00007ffa4e6f0000 - 0x00007ffa4e70a000 	D:\Android Studio\jre\bin\net.dll
0x00007ffa62c60000 - 0x00007ffa62d6a000 	C:\WINDOWS\SYSTEM32\WINHTTP.dll
0x00007ffa6d760000 - 0x00007ffa6d7ca000 	C:\WINDOWS\system32\mswsock.dll
0x00007ffa49dc0000 - 0x00007ffa49dd4000 	D:\Android Studio\jre\bin\nio.dll

dbghelp: loaded successfully - version: 4.0.5 - missing functions: none
symbol engine: initialized successfully - sym options: 0x614 - pdb path: .;D:\Android Studio\jre\bin;C:\WINDOWS\SYSTEM32;C:\WINDOWS\WinSxS\amd64_microsoft.windows.common-controls_6595b64144ccf1df_6.0.19041.1110_none_60b5254171f9507e;D:\Android Studio\jre\bin\server

VM Arguments:
jvm_args: -Dorg.gradle.appname=gradlew 
java_command: org.gradle.wrapper.GradleWrapperMain -q -Ptarget-platform=android-x86 -Ptarget=D:\Android develop\flutter_application_4\lib\main.dart -Pbase-application-name=android.app.Application -Pdart-defines=RkxVVFRFUl9XRUJfQVVUT19ERVRFQ1Q9dHJ1ZQ== -Pdart-obfuscation=false -Ptrack-widget-creation=true -Ptree-shake-icons=false -Pfilesystem-scheme=org-dartlang-root assembleDebug
java_class_path (initial): D:\Android develop\flutter_application_4\android\\gradle\wrapper\gradle-wrapper.jar
Launcher Type: SUN_STANDARD

[Global flags]
     intx CICompilerCount                          = 3                                         {product} {ergonomic}
     uint ConcGCThreads                            = 1                                         {product} {ergonomic}
     uint G1ConcRefinementThreads                  = 4                                         {product} {ergonomic}
   size_t G1HeapRegionSize                         = 1048576                                   {product} {ergonomic}
    uintx GCDrainStackTargetSize                   = 64                                        {product} {ergonomic}
   size_t InitialHeapSize                          = 134217728                                 {product} {ergonomic}
   size_t MarkStackSize                            = 4194304                                   {product} {ergonomic}
   size_t MaxHeapSize                              = 2126512128                                {product} {ergonomic}
   size_t MaxNewSize                               = 1275068416                                {product} {ergonomic}
   size_t MinHeapDeltaBytes                        = 1048576                                   {product} {ergonomic}
    uintx NonNMethodCodeHeapSize                   = 5830732                                {pd product} {ergonomic}
    uintx NonProfiledCodeHeapSize                  = 122913754                              {pd product} {ergonomic}
    uintx ProfiledCodeHeapSize                     = 122913754                              {pd product} {ergonomic}
    uintx ReservedCodeCacheSize                    = 251658240                              {pd product} {ergonomic}
     bool SegmentedCodeCache                       = true                                      {product} {ergonomic}
     bool UseCompressedClassPointers               = true                                 {lp64_product} {ergonomic}
     bool UseCompressedOops                        = true                                 {lp64_product} {ergonomic}
     bool UseG1GC                                  = true                                      {product} {ergonomic}
     bool UseLargePagesIndividualAllocation        = false                                  {pd product} {ergonomic}

Logging:
Log output configuration:
 #0: stdout all=warning uptime,level,tags
 #1: stderr all=off uptime,level,tags

Environment Variables:
JAVA_HOME=D:\Android Studio\jre
CLASSPATH=D:\Android develop\flutter_application_4\android\\gradle\wrapper\gradle-wrapper.jar
PATH=C:\WINDOWS\system32;C:\WINDOWS;C:\WINDOWS\System32\Wbem;C:\WINDOWS\System32\WindowsPowerShell\v1.0\;C:\WINDOWS\System32\OpenSSH\;C:\ProgramData\chocolatey\bin;C:\Program Files\nodejs\;C:\Program Files\Git\cmd;C:\Users\racer\AppData\Local\Microsoft\WindowsApps;C:\Users\racer\AppData\Roaming\npm;C:\Users\racer\AppData\Local\Programs\Microsoft VS Code\bin;C:\src\flutter\bin;
USERNAME=racer
OS=Windows_NT
PROCESSOR_IDENTIFIER=Intel64 Family 6 Model 60 Stepping 3, GenuineIntel



---------------  S Y S T E M  ---------------

OS: Windows 10 , 64 bit Build 19041 (10.0.19041.1889)
OS uptime: 3 days 6:15 hours

CPU:total 4 (initial active 4) (4 cores per cpu, 1 threads per core) family 6 model 60 stepping 3 microcode 0x27, cmov, cx8, fxsr, mmx, sse, sse2, sse3, ssse3, sse4.1, sse4.2, popcnt, avx, avx2, aes, clmul, erms, lzcnt, tsc, tscinvbit, bmi1, bmi2, fma

Memory: 4k page, system-wide physical 8110M (491M free)
TotalPageFile size 10110M (AvailPageFile size 0M)
current process WorkingSet (physical memory assigned to process): 67M, peak: 67M
current process commit charge ("private bytes"): 207M, peak: 208M

vm_info: OpenJDK 64-Bit Server VM (11.0.12+7-b1504.28-7817840) for windows-amd64 JRE (11.0.12+7-b1504.28-7817840), built on Oct 13 2021 22:12:33 by "builder" with MS VC++ 14.0 (VS2015)

END.
